<?xml version="1.0" encoding="UTF-8"?>
<testng-results skipped="0" failed="0" total="1" passed="1">
  <reporter-output>
  </reporter-output>
  <suite name="Surefire suite" duration-ms="13666" started-at="2021-05-31T12:33:11Z" finished-at="2021-05-31T12:33:25Z">
    <groups>
    </groups>
    <test name="Surefire test" duration-ms="13666" started-at="2021-05-31T12:33:11Z" finished-at="2021-05-31T12:33:25Z">
      <class name="com.bussinessscripts.SampleTest">
        <test-method status="PASS" signature="testOne()[pri:0, instance:com.bussinessscripts.SampleTest@3fb6a447]" name="testOne" duration-ms="13642" started-at="2021-05-31T18:03:11Z" finished-at="2021-05-31T18:03:25Z">
          <reporter-output>
          </reporter-output>
        </test-method> <!-- testOne -->
      </class> <!-- com.bussinessscripts.SampleTest -->
    </test> <!-- Surefire test -->
  </suite> <!-- Surefire suite -->
</testng-results>
