<?xml version="1.0" encoding="UTF-8"?>
<testng-results skipped="0" failed="0" total="1" passed="1">
  <reporter-output>
  </reporter-output>
  <suite name="Suite" duration-ms="12006" started-at="2021-05-31T12:47:49Z" finished-at="2021-05-31T12:48:01Z">
    <groups>
    </groups>
    <test name="Test" duration-ms="12006" started-at="2021-05-31T12:47:49Z" finished-at="2021-05-31T12:48:01Z">
      <class name="com.bussinessscripts.SampleTest">
        <test-method status="PASS" signature="testOne()[pri:0, instance:com.bussinessscripts.SampleTest@457e2f02]" name="testOne" duration-ms="11965" started-at="2021-05-31T18:17:49Z" finished-at="2021-05-31T18:18:01Z">
          <reporter-output>
          </reporter-output>
        </test-method> <!-- testOne -->
      </class> <!-- com.bussinessscripts.SampleTest -->
    </test> <!-- Test -->
  </suite> <!-- Suite -->
</testng-results>
